<?xml version="1.0" encoding="UTF-8"?>
<!-- Generated by org.testng.reporters.JUnitReportReporter -->
<testsuite hostname="Shivanisingh" failures="0" tests="1" name="runner.TestRunner" time="18.552" errors="0" timestamp="17 Nov 2024 11:06:54 GMT">
  <testcase classname="runner.TestRunner" name="Automation_Tests" time="18.552"/>
</testsuite> <!-- runner.TestRunner -->
